2013/06/19 20:13:02 [error] [exception.CDbException] exception 'CDbException' with message 'CDbConnection failed to open the DB connection: SQLSTATE[HY000] [14] unable to open database file' in /Users/jeffreylail/Desktop/yii-turbo/framework/db/CDbConnection.php:381
Stack trace:
#0 /Users/jeffreylail/Desktop/yii-turbo/framework/db/CDbConnection.php(330): CDbConnection->open()
#1 /Users/jeffreylail/Desktop/yii-turbo/framework/db/CDbConnection.php(308): CDbConnection->setActive(true)
#2 /Users/jeffreylail/Desktop/yii-turbo/framework/base/CModule.php(387): CDbConnection->init()
#3 /Users/jeffreylail/Desktop/yii-turbo/framework/base/CModule.php(103): CModule->getComponent('db')
#4 /Users/jeffreylail/Desktop/yii-turbo/framework/gii/generators/model/ModelCode.php(57): CModule->__get('db')
#5 /Users/jeffreylail/Desktop/yii-turbo/framework/web/CFormModel.php(39): ModelCode->init()
#6 /Users/jeffreylail/Desktop/yii-turbo/framework/gii/CCodeGenerator.php(153): CFormModel->__construct()
#7 /Users/jeffreylail/Desktop/yii-turbo/framework/gii/CCodeGenerator.php(63): CCodeGenerator->prepare()
#8 /Users/jeffreylail/Desktop/yii-turbo/framework/web/actions/CInlineAction.php(49): CCodeGenerator->actionIndex()
#9 /Users/jeffreylail/Desktop/yii-turbo/framework/web/CController.php(308): CInlineAction->runWithParams(Array)
#10 /Users/jeffreylail/Desktop/yii-turbo/framework/web/CController.php(286): CController->runAction(Object(CInlineAction))
#11 /Users/jeffreylail/Desktop/yii-turbo/framework/web/CController.php(265): CController->runActionWithFilters(Object(CInlineAction), Array)
#12 /Users/jeffreylail/Desktop/yii-turbo/framework/web/CWebApplication.php(282): CController->run('')
#13 /Users/jeffreylail/Desktop/yii-turbo/framework/web/CWebApplication.php(141): CWebApplication->runController('gii/model')
#14 /Users/jeffreylail/Desktop/yii-turbo/framework/base/CApplication.php(169): CWebApplication->processRequest()
#15 /Users/jeffreylail/Desktop/yii-turbo/blog/index.php(13): CApplication->run()
#16 {main}
REQUEST_URI=/blog/index.php?r=gii/model
HTTP_REFERER=http://localhost:8888/blog/index.php?r=gii/default/index
---
2013/06/19 20:14:26 [error] [exception.CDbException] exception 'CDbException' with message 'CDbConnection failed to open the DB connection: SQLSTATE[HY000] [14] unable to open database file' in /Users/jeffreylail/Desktop/yii-turbo/framework/db/CDbConnection.php:381
Stack trace:
#0 /Users/jeffreylail/Desktop/yii-turbo/framework/db/CDbConnection.php(330): CDbConnection->open()
#1 /Users/jeffreylail/Desktop/yii-turbo/framework/db/CDbConnection.php(308): CDbConnection->setActive(true)
#2 /Users/jeffreylail/Desktop/yii-turbo/framework/base/CModule.php(387): CDbConnection->init()
#3 /Users/jeffreylail/Desktop/yii-turbo/framework/base/CModule.php(103): CModule->getComponent('db')
#4 /Users/jeffreylail/Desktop/yii-turbo/framework/gii/generators/model/ModelCode.php(57): CModule->__get('db')
#5 /Users/jeffreylail/Desktop/yii-turbo/framework/web/CFormModel.php(39): ModelCode->init()
#6 /Users/jeffreylail/Desktop/yii-turbo/framework/gii/CCodeGenerator.php(153): CFormModel->__construct()
#7 /Users/jeffreylail/Desktop/yii-turbo/framework/gii/CCodeGenerator.php(63): CCodeGenerator->prepare()
#8 /Users/jeffreylail/Desktop/yii-turbo/framework/web/actions/CInlineAction.php(49): CCodeGenerator->actionIndex()
#9 /Users/jeffreylail/Desktop/yii-turbo/framework/web/CController.php(308): CInlineAction->runWithParams(Array)
#10 /Users/jeffreylail/Desktop/yii-turbo/framework/web/CController.php(286): CController->runAction(Object(CInlineAction))
#11 /Users/jeffreylail/Desktop/yii-turbo/framework/web/CController.php(265): CController->runActionWithFilters(Object(CInlineAction), Array)
#12 /Users/jeffreylail/Desktop/yii-turbo/framework/web/CWebApplication.php(282): CController->run('')
#13 /Users/jeffreylail/Desktop/yii-turbo/framework/web/CWebApplication.php(141): CWebApplication->runController('gii/model')
#14 /Users/jeffreylail/Desktop/yii-turbo/framework/base/CApplication.php(169): CWebApplication->processRequest()
#15 /Users/jeffreylail/Desktop/yii-turbo/blog/index.php(13): CApplication->run()
#16 {main}
REQUEST_URI=/blog/index.php?r=gii/model
---
2013/06/19 20:14:34 [error] [exception.CDbException] exception 'CDbException' with message 'CDbConnection failed to open the DB connection: SQLSTATE[HY000] [14] unable to open database file' in /Users/jeffreylail/Desktop/yii-turbo/framework/db/CDbConnection.php:381
Stack trace:
#0 /Users/jeffreylail/Desktop/yii-turbo/framework/db/CDbConnection.php(330): CDbConnection->open()
#1 /Users/jeffreylail/Desktop/yii-turbo/framework/db/CDbConnection.php(308): CDbConnection->setActive(true)
#2 /Users/jeffreylail/Desktop/yii-turbo/framework/base/CModule.php(387): CDbConnection->init()
#3 /Users/jeffreylail/Desktop/yii-turbo/framework/base/CModule.php(103): CModule->getComponent('db')
#4 /Users/jeffreylail/Desktop/yii-turbo/framework/gii/generators/model/ModelCode.php(57): CModule->__get('db')
#5 /Users/jeffreylail/Desktop/yii-turbo/framework/web/CFormModel.php(39): ModelCode->init()
#6 /Users/jeffreylail/Desktop/yii-turbo/framework/gii/CCodeGenerator.php(153): CFormModel->__construct()
#7 /Users/jeffreylail/Desktop/yii-turbo/framework/gii/CCodeGenerator.php(63): CCodeGenerator->prepare()
#8 /Users/jeffreylail/Desktop/yii-turbo/framework/web/actions/CInlineAction.php(49): CCodeGenerator->actionIndex()
#9 /Users/jeffreylail/Desktop/yii-turbo/framework/web/CController.php(308): CInlineAction->runWithParams(Array)
#10 /Users/jeffreylail/Desktop/yii-turbo/framework/web/CController.php(286): CController->runAction(Object(CInlineAction))
#11 /Users/jeffreylail/Desktop/yii-turbo/framework/web/CController.php(265): CController->runActionWithFilters(Object(CInlineAction), Array)
#12 /Users/jeffreylail/Desktop/yii-turbo/framework/web/CWebApplication.php(282): CController->run('')
#13 /Users/jeffreylail/Desktop/yii-turbo/framework/web/CWebApplication.php(141): CWebApplication->runController('gii/model')
#14 /Users/jeffreylail/Desktop/yii-turbo/framework/base/CApplication.php(169): CWebApplication->processRequest()
#15 /Users/jeffreylail/Desktop/yii-turbo/blog/index.php(13): CApplication->run()
#16 {main}
REQUEST_URI=/blog/index.php?r=gii/model
---
2013/06/19 20:14:42 [error] [exception.CDbException] exception 'CDbException' with message 'CDbConnection failed to open the DB connection: SQLSTATE[HY000] [14] unable to open database file' in /Users/jeffreylail/Desktop/yii-turbo/framework/db/CDbConnection.php:381
Stack trace:
#0 /Users/jeffreylail/Desktop/yii-turbo/framework/db/CDbConnection.php(330): CDbConnection->open()
#1 /Users/jeffreylail/Desktop/yii-turbo/framework/db/CDbConnection.php(308): CDbConnection->setActive(true)
#2 /Users/jeffreylail/Desktop/yii-turbo/framework/base/CModule.php(387): CDbConnection->init()
#3 /Users/jeffreylail/Desktop/yii-turbo/framework/base/CModule.php(103): CModule->getComponent('db')
#4 /Users/jeffreylail/Desktop/yii-turbo/framework/gii/generators/model/ModelCode.php(57): CModule->__get('db')
#5 /Users/jeffreylail/Desktop/yii-turbo/framework/web/CFormModel.php(39): ModelCode->init()
#6 /Users/jeffreylail/Desktop/yii-turbo/framework/gii/CCodeGenerator.php(153): CFormModel->__construct()
#7 /Users/jeffreylail/Desktop/yii-turbo/framework/gii/CCodeGenerator.php(63): CCodeGenerator->prepare()
#8 /Users/jeffreylail/Desktop/yii-turbo/framework/web/actions/CInlineAction.php(49): CCodeGenerator->actionIndex()
#9 /Users/jeffreylail/Desktop/yii-turbo/framework/web/CController.php(308): CInlineAction->runWithParams(Array)
#10 /Users/jeffreylail/Desktop/yii-turbo/framework/web/CController.php(286): CController->runAction(Object(CInlineAction))
#11 /Users/jeffreylail/Desktop/yii-turbo/framework/web/CController.php(265): CController->runActionWithFilters(Object(CInlineAction), Array)
#12 /Users/jeffreylail/Desktop/yii-turbo/framework/web/CWebApplication.php(282): CController->run('')
#13 /Users/jeffreylail/Desktop/yii-turbo/framework/web/CWebApplication.php(141): CWebApplication->runController('gii/model')
#14 /Users/jeffreylail/Desktop/yii-turbo/framework/base/CApplication.php(169): CWebApplication->processRequest()
#15 /Users/jeffreylail/Desktop/yii-turbo/blog/index.php(13): CApplication->run()
#16 {main}
REQUEST_URI=/blog/index.php?r=gii/model
HTTP_REFERER=http://localhost:8888/blog/index.php?r=gii
---
2013/06/19 20:15:06 [error] [exception.CDbException] exception 'CDbException' with message 'CDbConnection failed to open the DB connection: SQLSTATE[HY000] [14] unable to open database file' in /Users/jeffreylail/Desktop/yii-turbo/framework/db/CDbConnection.php:381
Stack trace:
#0 /Users/jeffreylail/Desktop/yii-turbo/framework/db/CDbConnection.php(330): CDbConnection->open()
#1 /Users/jeffreylail/Desktop/yii-turbo/framework/db/CDbConnection.php(308): CDbConnection->setActive(true)
#2 /Users/jeffreylail/Desktop/yii-turbo/framework/base/CModule.php(387): CDbConnection->init()
#3 /Users/jeffreylail/Desktop/yii-turbo/framework/base/CModule.php(103): CModule->getComponent('db')
#4 /Users/jeffreylail/Desktop/yii-turbo/framework/gii/generators/model/ModelCode.php(57): CModule->__get('db')
#5 /Users/jeffreylail/Desktop/yii-turbo/framework/web/CFormModel.php(39): ModelCode->init()
#6 /Users/jeffreylail/Desktop/yii-turbo/framework/gii/CCodeGenerator.php(153): CFormModel->__construct()
#7 /Users/jeffreylail/Desktop/yii-turbo/framework/gii/CCodeGenerator.php(63): CCodeGenerator->prepare()
#8 /Users/jeffreylail/Desktop/yii-turbo/framework/web/actions/CInlineAction.php(49): CCodeGenerator->actionIndex()
#9 /Users/jeffreylail/Desktop/yii-turbo/framework/web/CController.php(308): CInlineAction->runWithParams(Array)
#10 /Users/jeffreylail/Desktop/yii-turbo/framework/web/CController.php(286): CController->runAction(Object(CInlineAction))
#11 /Users/jeffreylail/Desktop/yii-turbo/framework/web/CController.php(265): CController->runActionWithFilters(Object(CInlineAction), Array)
#12 /Users/jeffreylail/Desktop/yii-turbo/framework/web/CWebApplication.php(282): CController->run('')
#13 /Users/jeffreylail/Desktop/yii-turbo/framework/web/CWebApplication.php(141): CWebApplication->runController('gii/model')
#14 /Users/jeffreylail/Desktop/yii-turbo/framework/base/CApplication.php(169): CWebApplication->processRequest()
#15 /Users/jeffreylail/Desktop/yii-turbo/blog/index.php(13): CApplication->run()
#16 {main}
REQUEST_URI=/blog/index.php?r=gii/model
HTTP_REFERER=http://localhost:8888/blog/index.php?r=gii
---
2013/06/19 20:15:07 [error] [exception.CDbException] exception 'CDbException' with message 'CDbConnection failed to open the DB connection: SQLSTATE[HY000] [14] unable to open database file' in /Users/jeffreylail/Desktop/yii-turbo/framework/db/CDbConnection.php:381
Stack trace:
#0 /Users/jeffreylail/Desktop/yii-turbo/framework/db/CDbConnection.php(330): CDbConnection->open()
#1 /Users/jeffreylail/Desktop/yii-turbo/framework/db/CDbConnection.php(308): CDbConnection->setActive(true)
#2 /Users/jeffreylail/Desktop/yii-turbo/framework/base/CModule.php(387): CDbConnection->init()
#3 /Users/jeffreylail/Desktop/yii-turbo/framework/base/CModule.php(103): CModule->getComponent('db')
#4 /Users/jeffreylail/Desktop/yii-turbo/framework/gii/generators/model/ModelCode.php(57): CModule->__get('db')
#5 /Users/jeffreylail/Desktop/yii-turbo/framework/web/CFormModel.php(39): ModelCode->init()
#6 /Users/jeffreylail/Desktop/yii-turbo/framework/gii/CCodeGenerator.php(153): CFormModel->__construct()
#7 /Users/jeffreylail/Desktop/yii-turbo/framework/gii/CCodeGenerator.php(63): CCodeGenerator->prepare()
#8 /Users/jeffreylail/Desktop/yii-turbo/framework/web/actions/CInlineAction.php(49): CCodeGenerator->actionIndex()
#9 /Users/jeffreylail/Desktop/yii-turbo/framework/web/CController.php(308): CInlineAction->runWithParams(Array)
#10 /Users/jeffreylail/Desktop/yii-turbo/framework/web/CController.php(286): CController->runAction(Object(CInlineAction))
#11 /Users/jeffreylail/Desktop/yii-turbo/framework/web/CController.php(265): CController->runActionWithFilters(Object(CInlineAction), Array)
#12 /Users/jeffreylail/Desktop/yii-turbo/framework/web/CWebApplication.php(282): CController->run('')
#13 /Users/jeffreylail/Desktop/yii-turbo/framework/web/CWebApplication.php(141): CWebApplication->runController('gii/model')
#14 /Users/jeffreylail/Desktop/yii-turbo/framework/base/CApplication.php(169): CWebApplication->processRequest()
#15 /Users/jeffreylail/Desktop/yii-turbo/blog/index.php(13): CApplication->run()
#16 {main}
REQUEST_URI=/blog/index.php?r=gii/model
HTTP_REFERER=http://localhost:8888/blog/index.php?r=gii
---
2013/06/19 20:15:07 [error] [exception.CDbException] exception 'CDbException' with message 'CDbConnection failed to open the DB connection: SQLSTATE[HY000] [14] unable to open database file' in /Users/jeffreylail/Desktop/yii-turbo/framework/db/CDbConnection.php:381
Stack trace:
#0 /Users/jeffreylail/Desktop/yii-turbo/framework/db/CDbConnection.php(330): CDbConnection->open()
#1 /Users/jeffreylail/Desktop/yii-turbo/framework/db/CDbConnection.php(308): CDbConnection->setActive(true)
#2 /Users/jeffreylail/Desktop/yii-turbo/framework/base/CModule.php(387): CDbConnection->init()
#3 /Users/jeffreylail/Desktop/yii-turbo/framework/base/CModule.php(103): CModule->getComponent('db')
#4 /Users/jeffreylail/Desktop/yii-turbo/framework/gii/generators/model/ModelCode.php(57): CModule->__get('db')
#5 /Users/jeffreylail/Desktop/yii-turbo/framework/web/CFormModel.php(39): ModelCode->init()
#6 /Users/jeffreylail/Desktop/yii-turbo/framework/gii/CCodeGenerator.php(153): CFormModel->__construct()
#7 /Users/jeffreylail/Desktop/yii-turbo/framework/gii/CCodeGenerator.php(63): CCodeGenerator->prepare()
#8 /Users/jeffreylail/Desktop/yii-turbo/framework/web/actions/CInlineAction.php(49): CCodeGenerator->actionIndex()
#9 /Users/jeffreylail/Desktop/yii-turbo/framework/web/CController.php(308): CInlineAction->runWithParams(Array)
#10 /Users/jeffreylail/Desktop/yii-turbo/framework/web/CController.php(286): CController->runAction(Object(CInlineAction))
#11 /Users/jeffreylail/Desktop/yii-turbo/framework/web/CController.php(265): CController->runActionWithFilters(Object(CInlineAction), Array)
#12 /Users/jeffreylail/Desktop/yii-turbo/framework/web/CWebApplication.php(282): CController->run('')
#13 /Users/jeffreylail/Desktop/yii-turbo/framework/web/CWebApplication.php(141): CWebApplication->runController('gii/model')
#14 /Users/jeffreylail/Desktop/yii-turbo/framework/base/CApplication.php(169): CWebApplication->processRequest()
#15 /Users/jeffreylail/Desktop/yii-turbo/blog/index.php(13): CApplication->run()
#16 {main}
REQUEST_URI=/blog/index.php?r=gii/model
HTTP_REFERER=http://localhost:8888/blog/index.php?r=gii
---
2013/06/19 20:15:07 [error] [exception.CDbException] exception 'CDbException' with message 'CDbConnection failed to open the DB connection: SQLSTATE[HY000] [14] unable to open database file' in /Users/jeffreylail/Desktop/yii-turbo/framework/db/CDbConnection.php:381
Stack trace:
#0 /Users/jeffreylail/Desktop/yii-turbo/framework/db/CDbConnection.php(330): CDbConnection->open()
#1 /Users/jeffreylail/Desktop/yii-turbo/framework/db/CDbConnection.php(308): CDbConnection->setActive(true)
#2 /Users/jeffreylail/Desktop/yii-turbo/framework/base/CModule.php(387): CDbConnection->init()
#3 /Users/jeffreylail/Desktop/yii-turbo/framework/base/CModule.php(103): CModule->getComponent('db')
#4 /Users/jeffreylail/Desktop/yii-turbo/framework/gii/generators/model/ModelCode.php(57): CModule->__get('db')
#5 /Users/jeffreylail/Desktop/yii-turbo/framework/web/CFormModel.php(39): ModelCode->init()
#6 /Users/jeffreylail/Desktop/yii-turbo/framework/gii/CCodeGenerator.php(153): CFormModel->__construct()
#7 /Users/jeffreylail/Desktop/yii-turbo/framework/gii/CCodeGenerator.php(63): CCodeGenerator->prepare()
#8 /Users/jeffreylail/Desktop/yii-turbo/framework/web/actions/CInlineAction.php(49): CCodeGenerator->actionIndex()
#9 /Users/jeffreylail/Desktop/yii-turbo/framework/web/CController.php(308): CInlineAction->runWithParams(Array)
#10 /Users/jeffreylail/Desktop/yii-turbo/framework/web/CController.php(286): CController->runAction(Object(CInlineAction))
#11 /Users/jeffreylail/Desktop/yii-turbo/framework/web/CController.php(265): CController->runActionWithFilters(Object(CInlineAction), Array)
#12 /Users/jeffreylail/Desktop/yii-turbo/framework/web/CWebApplication.php(282): CController->run('')
#13 /Users/jeffreylail/Desktop/yii-turbo/framework/web/CWebApplication.php(141): CWebApplication->runController('gii/model')
#14 /Users/jeffreylail/Desktop/yii-turbo/framework/base/CApplication.php(169): CWebApplication->processRequest()
#15 /Users/jeffreylail/Desktop/yii-turbo/blog/index.php(13): CApplication->run()
#16 {main}
REQUEST_URI=/blog/index.php?r=gii/model
HTTP_REFERER=http://localhost:8888/blog/index.php?r=gii
---
2013/06/19 20:15:07 [error] [exception.CDbException] exception 'CDbException' with message 'CDbConnection failed to open the DB connection: SQLSTATE[HY000] [14] unable to open database file' in /Users/jeffreylail/Desktop/yii-turbo/framework/db/CDbConnection.php:381
Stack trace:
#0 /Users/jeffreylail/Desktop/yii-turbo/framework/db/CDbConnection.php(330): CDbConnection->open()
#1 /Users/jeffreylail/Desktop/yii-turbo/framework/db/CDbConnection.php(308): CDbConnection->setActive(true)
#2 /Users/jeffreylail/Desktop/yii-turbo/framework/base/CModule.php(387): CDbConnection->init()
#3 /Users/jeffreylail/Desktop/yii-turbo/framework/base/CModule.php(103): CModule->getComponent('db')
#4 /Users/jeffreylail/Desktop/yii-turbo/framework/gii/generators/model/ModelCode.php(57): CModule->__get('db')
#5 /Users/jeffreylail/Desktop/yii-turbo/framework/web/CFormModel.php(39): ModelCode->init()
#6 /Users/jeffreylail/Desktop/yii-turbo/framework/gii/CCodeGenerator.php(153): CFormModel->__construct()
#7 /Users/jeffreylail/Desktop/yii-turbo/framework/gii/CCodeGenerator.php(63): CCodeGenerator->prepare()
#8 /Users/jeffreylail/Desktop/yii-turbo/framework/web/actions/CInlineAction.php(49): CCodeGenerator->actionIndex()
#9 /Users/jeffreylail/Desktop/yii-turbo/framework/web/CController.php(308): CInlineAction->runWithParams(Array)
#10 /Users/jeffreylail/Desktop/yii-turbo/framework/web/CController.php(286): CController->runAction(Object(CInlineAction))
#11 /Users/jeffreylail/Desktop/yii-turbo/framework/web/CController.php(265): CController->runActionWithFilters(Object(CInlineAction), Array)
#12 /Users/jeffreylail/Desktop/yii-turbo/framework/web/CWebApplication.php(282): CController->run('')
#13 /Users/jeffreylail/Desktop/yii-turbo/framework/web/CWebApplication.php(141): CWebApplication->runController('gii/model')
#14 /Users/jeffreylail/Desktop/yii-turbo/framework/base/CApplication.php(169): CWebApplication->processRequest()
#15 /Users/jeffreylail/Desktop/yii-turbo/blog/index.php(13): CApplication->run()
#16 {main}
REQUEST_URI=/blog/index.php?r=gii/model
HTTP_REFERER=http://localhost:8888/blog/index.php?r=gii
---
